Using pre-set license
Built from '2022.3/staging' branch; Version is '2022.3.1f1 (f18e0c1b5784) revision 15830540'; Using compiler version '192829333'; Build Type 'Release'
OS: 'Windows 11  (10.0.22621) 64bit Professional' Language: 'fr' Physical Memory: 32563 MB
BatchMode: 1, IsHumanControllingUs: 0, StartBugReporterOnCrash: 0, Is64bit: 1, IsPro: 1

COMMAND LINE ARGUMENTS:
C:\Program Files\Unity\Hub\Editor\2022.3.1f1\Editor\Unity.exe
-adb2
-batchMode
-noUpm
-name
AssetImportWorker0
-projectPath
D:/Brackeys/BrackeysTutorial/TOWERDENFECE
-logFile
Logs/AssetImportWorker0.log
-srvPort
59117
Successfully changed project path to: D:/Brackeys/BrackeysTutorial/TOWERDENFECE
D:/Brackeys/BrackeysTutorial/TOWERDENFECE
[UnityMemory] Configuration Parameters - Can be set up in boot.config
    "memorysetup-bucket-allocator-granularity=16"
    "memorysetup-bucket-allocator-bucket-count=8"
    "memorysetup-bucket-allocator-block-size=33554432"
    "memorysetup-bucket-allocator-block-count=8"
    "memorysetup-main-allocator-block-size=16777216"
    "memorysetup-thread-allocator-block-size=16777216"
    "memorysetup-gfx-main-allocator-block-size=16777216"
    "memorysetup-gfx-thread-allocator-block-size=16777216"
    "memorysetup-cache-allocator-block-size=4194304"
    "memorysetup-typetree-allocator-block-size=2097152"
    "memorysetup-profiler-bucket-allocator-granularity=16"
    "memorysetup-profiler-bucket-allocator-bucket-count=8"
    "memorysetup-profiler-bucket-allocator-block-size=33554432"
    "memorysetup-profiler-bucket-allocator-block-count=8"
    "memorysetup-profiler-allocator-block-size=16777216"
    "memorysetup-profiler-editor-allocator-block-size=1048576"
    "memorysetup-temp-allocator-size-main=16777216"
    "memorysetup-job-temp-allocator-block-size=2097152"
    "memorysetup-job-temp-allocator-block-size-background=1048576"
    "memorysetup-job-temp-allocator-reduction-small-platforms=262144"
    "memorysetup-allocator-temp-initial-block-size-main=262144"
    "memorysetup-allocator-temp-initial-block-size-worker=262144"
    "memorysetup-temp-allocator-size-background-worker=32768"
    "memorysetup-temp-allocator-size-job-worker=262144"
    "memorysetup-temp-allocator-size-preload-manager=33554432"
    "memorysetup-temp-allocator-size-nav-mesh-worker=65536"
    "memorysetup-temp-allocator-size-audio-worker=65536"
    "memorysetup-temp-allocator-size-cloud-worker=32768"
    "memorysetup-temp-allocator-size-gi-baking-worker=262144"
    "memorysetup-temp-allocator-size-gfx=262144"
Player connection [17252] Host "[IP] 192.168.0.16 [Port] 0 [Flags] 2 [Guid] 2904447115 [EditorId] 2904447115 [Version] 1048832 [Id] WindowsEditor(7,Moi) [Debug] 1 [PackageName] WindowsEditor [ProjectName] Editor" joined multi-casting on [225.0.0.222:54997]...

Player connection [17252] Host "[IP] 192.168.0.16 [Port] 0 [Flags] 2 [Guid] 2904447115 [EditorId] 2904447115 [Version] 1048832 [Id] WindowsEditor(7,Moi) [Debug] 1 [PackageName] WindowsEditor [ProjectName] Editor" joined alternative multi-casting on [225.0.0.222:34997]...

Refreshing native plugins compatible for Editor in 4.39 ms, found 3 plugins.
Preloading 0 native plugins for Editor in 0.00 ms.
Initialize engine version: 2022.3.1f1 (f18e0c1b5784)
[Subsystems] Discovering subsystems at path C:/Program Files/Unity/Hub/Editor/2022.3.1f1/Editor/Data/Resources/UnitySubsystems
[Subsystems] Discovering subsystems at path D:/Brackeys/BrackeysTutorial/TOWERDENFECE/Assets
GfxDevice: creating device client; threaded=0; jobified=0
Direct3D:
    Version:  Direct3D 11.0 [level 11.1]
    Renderer: AMD Radeon RX 6750 XT (ID=0x73df)
    Vendor:   ATI
    VRAM:     12242 MB
    Driver:   31.0.21001.45002
Initialize mono
Mono path[0] = 'C:/Program Files/Unity/Hub/Editor/2022.3.1f1/Editor/Data/Managed'
Mono path[1] = 'C:/Program Files/Unity/Hub/Editor/2022.3.1f1/Editor/Data/MonoBleedingEdge/lib/mono/unityjit-win32'
Mono config path = 'C:/Program Files/Unity/Hub/Editor/2022.3.1f1/Editor/Data/MonoBleedingEdge/etc'
Using monoOptions --debugger-agent=transport=dt_socket,embedding=1,server=y,suspend=n,address=127.0.0.1:56076
Begin MonoManager ReloadAssembly
Registering precompiled unity dll's ...
Register platform support module: C:/Program Files/Unity/Hub/Editor/2022.3.1f1/Editor/Data/PlaybackEngines/WebGLSupport/UnityEditor.WebGL.Extensions.dll
Register platform support module: C:/Program Files/Unity/Hub/Editor/2022.3.1f1/Editor/Data/PlaybackEngines/WindowsStandaloneSupport/UnityEditor.WindowsStandalone.Extensions.dll
Registered in 0.008326 seconds.
- Loaded All Assemblies, in  0.358 seconds
Native extension for WindowsStandalone target not found
Native extension for WebGL target not found
Mono: successfully reloaded assembly
- Finished resetting the current domain, in  0.252 seconds
Domain Reload Profiling: 608ms
	BeginReloadAssembly (92ms)
		ExecutionOrderSort (0ms)
		DisableScriptedObjects (0ms)
		BackupInstance (0ms)
		ReleaseScriptingObjects (0ms)
		CreateAndSetChildDomain (1ms)
	RebuildCommonClasses (36ms)
	RebuildNativeTypeToScriptingClass (9ms)
	initialDomainReloadingComplete (62ms)
	LoadAllAssembliesAndSetupDomain (156ms)
		LoadAssemblies (90ms)
		RebuildTransferFunctionScriptingTraits (0ms)
		AnalyzeDomain (150ms)
			TypeCache.Refresh (149ms)
				TypeCache.ScanAssembly (137ms)
			ScanForSourceGeneratedMonoScriptInfo (0ms)
			ResolveRequiredComponents (1ms)
	FinalizeReload (252ms)
		ReleaseScriptCaches (0ms)
		RebuildScriptCaches (0ms)
		SetupLoadedEditorAssemblies (195ms)
			LogAssemblyErrors (0ms)
			InitializePlatformSupportModulesInManaged (11ms)
			SetLoadedEditorAssemblies (5ms)
			RefreshPlugins (0ms)
			BeforeProcessingInitializeOnLoad (2ms)
			ProcessInitializeOnLoadAttributes (132ms)
			ProcessInitializeOnLoadMethodAttributes (44ms)
			AfterProcessingInitializeOnLoad (0ms)
			EditorAssembliesLoaded (0ms)
		ExecutionOrderSort2 (0ms)
		AwakeInstancesAfterBackupRestoration (0ms)
========================================================================
Worker process is ready to serve import requests
Begin MonoManager ReloadAssembly
Symbol file LoadedFromMemory doesn't match image D:\Brackeys\BrackeysTutorial\TOWERDENFECE\Library\PackageCache\com.unity.visualscripting@1.8.0\Editor\VisualScripting.Core\Dependencies\YamlDotNet\Unity.VisualScripting.YamlDotNet.dll
Symbol file LoadedFromMemory doesn't match image D:\Brackeys\BrackeysTutorial\TOWERDENFECE\Library\PackageCache\com.unity.visualscripting@1.8.0\Editor\VisualScripting.Core\Dependencies\DotNetZip\Unity.VisualScripting.IonicZip.dll
- Loaded All Assemblies, in  0.689 seconds
Refreshing native plugins compatible for Editor in 1.72 ms, found 3 plugins.
Native extension for WindowsStandalone target not found
Native extension for WebGL target not found
Mono: successfully reloaded assembly
- Finished resetting the current domain, in  0.486 seconds
Domain Reload Profiling: 1173ms
	BeginReloadAssembly (118ms)
		ExecutionOrderSort (0ms)
		DisableScriptedObjects (5ms)
		BackupInstance (0ms)
		ReleaseScriptingObjects (0ms)
		CreateAndSetChildDomain (23ms)
	RebuildCommonClasses (38ms)
	RebuildNativeTypeToScriptingClass (12ms)
	initialDomainReloadingComplete (48ms)
	LoadAllAssembliesAndSetupDomain (471ms)
		LoadAssemblies (223ms)
		RebuildTransferFunctionScriptingTraits (0ms)
		AnalyzeDomain (300ms)
			TypeCache.Refresh (283ms)
				TypeCache.ScanAssembly (271ms)
			ScanForSourceGeneratedMonoScriptInfo (14ms)
			ResolveRequiredComponents (3ms)
	FinalizeReload (486ms)
		ReleaseScriptCaches (0ms)
		RebuildScriptCaches (0ms)
		SetupLoadedEditorAssemblies (346ms)
			LogAssemblyErrors (0ms)
			InitializePlatformSupportModulesInManaged (6ms)
			SetLoadedEditorAssemblies (3ms)
			RefreshPlugins (0ms)
			BeforeProcessingInitializeOnLoad (53ms)
			ProcessInitializeOnLoadAttributes (259ms)
			ProcessInitializeOnLoadMethodAttributes (19ms)
			AfterProcessingInitializeOnLoad (6ms)
			EditorAssembliesLoaded (0ms)
		ExecutionOrderSort2 (0ms)
		AwakeInstancesAfterBackupRestoration (6ms)
Launched and connected shader compiler UnityShaderCompiler.exe after 0.06 seconds
Refreshing native plugins compatible for Editor in 2.23 ms, found 3 plugins.
Preloading 0 native plugins for Editor in 0.00 ms.
Unloading 3074 Unused Serialized files (Serialized files now loaded: 0)
Unloading 31 unused Assets / (56.3 KB). Loaded Objects now: 3540.
Memory consumption went from 116.0 MB to 115.9 MB.
Total: 3.324100 ms (FindLiveObjects: 0.303500 ms CreateObjectMapping: 0.193700 ms MarkObjects: 2.735100 ms  DeleteObjects: 0.090600 ms)

AssetImportParameters requested are different than current active one (requested -> active):
  custom:container-demuxer-ogg: 62fdf1f143b41e24485cea50d1cbac27 -> 
  custom:video-decoder-ogg-theora: a1e56fd34408186e4bbccfd4996cb3dc -> 
  custom:framework-win-MediaFoundation: 216162199b28c13a410421893ffa2e32 -> 
  custom:container-demuxer-webm: 4f35f7cbe854078d1ac9338744f61a02 -> 
  custom:container-muxer-webm: aa71ff27fc2769a1b78a27578f13a17b -> 
  custom:video-decoder-webm-vp8: 9c59270c3fd7afecdb556c50c9e8de78 -> 
  custom:AudioImporter_EditorPlatform: d09bf68614088b80899f8185d706f6e7 -> 
  custom:video-encoder-webm-vp8: eb34c28f22e8b96e1ab97ce403110664 -> 
  custom:audio-decoder-ogg-vorbis: bf7c407c2cedff20999df2af8eb42d56 -> 
  custom:audio-encoder-webm-vorbis: bf7c407c2cedff20999df2af8eb42d56 -> 
========================================================================
Received Import Request.
  Time since last request: 18615.958212 seconds.
  path: Assets/Imports/leaf.7z
  artifactKey: Guid(6de144614deb81447905f442ab86a0a2) Importer(815301076,1909f56bfc062723c751e8b465ee728b)
Start importing Assets/Imports/leaf.7z using Guid(6de144614deb81447905f442ab86a0a2) Importer(815301076,1909f56bfc062723c751e8b465ee728b)  -> (artifact id: 'f9f7c2e1fc3dcfca9512aefb0d8d7695') in 0.008878 seconds
Number of updated asset objects reloaded before import = 0
Number of asset objects unloaded after import = 1
========================================================================
Received Import Request.
  Time since last request: 16.996491 seconds.
  path: Assets/Imports/leaf.obj
  artifactKey: Guid(87d0dec1aa024e84a9cb6b422619138e) Importer(815301076,1909f56bfc062723c751e8b465ee728b)
Start importing Assets/Imports/leaf.obj using Guid(87d0dec1aa024e84a9cb6b422619138e) Importer(815301076,1909f56bfc062723c751e8b465ee728b)  -> (artifact id: 'dbb3e2b86cd431e79b4c387fc9a6f907') in 0.236758 seconds
Number of updated asset objects reloaded before import = 0
Number of asset objects unloaded after import = 10
========================================================================
Received Import Request.
  Time since last request: 22.256160 seconds.
  path: Assets/Imports/internal_ground_ao_texture.jpeg
  artifactKey: Guid(5c62bfee20ffeba41b37ccd28475d8c6) Importer(815301076,1909f56bfc062723c751e8b465ee728b)
Start importing Assets/Imports/internal_ground_ao_texture.jpeg using Guid(5c62bfee20ffeba41b37ccd28475d8c6) Importer(815301076,1909f56bfc062723c751e8b465ee728b)  -> (artifact id: 'ee8015d2902a76e74784be1a53e5f7eb') in 0.009239 seconds
Number of updated asset objects reloaded before import = 0
Number of asset objects unloaded after import = 2
========================================================================
Received Import Request.
  Time since last request: 45.516254 seconds.
  path: Assets/Imports/leaf.obj
  artifactKey: Guid(87d0dec1aa024e84a9cb6b422619138e) Importer(815301076,1909f56bfc062723c751e8b465ee728b)
Start importing Assets/Imports/leaf.obj using Guid(87d0dec1aa024e84a9cb6b422619138e) Importer(815301076,1909f56bfc062723c751e8b465ee728b)  -> (artifact id: '32fd00fcd518965eedad3443ad5e327c') in 0.061653 seconds
Number of updated asset objects reloaded before import = 0
Number of asset objects unloaded after import = 10
========================================================================
Received Import Request.
  Time since last request: 104.842522 seconds.
  path: Assets/Imports/New Material.mat
  artifactKey: Guid(087fd81bd8e9b7b40aecb14811e55f50) Importer(815301076,1909f56bfc062723c751e8b465ee728b)
Start importing Assets/Imports/New Material.mat using Guid(087fd81bd8e9b7b40aecb14811e55f50) Importer(815301076,1909f56bfc062723c751e8b465ee728b)  -> (artifact id: 'e7068875ec28d04ce52deca31f8b1db3') in 0.004945 seconds
Number of updated asset objects reloaded before import = 0
Number of asset objects unloaded after import = 1
========================================================================
Received Import Request.
  Time since last request: 68.819322 seconds.
  path: Assets/Imports/Leaf.mat
  artifactKey: Guid(18f003aa6690cd0418453a9f7c1ff272) Importer(815301076,1909f56bfc062723c751e8b465ee728b)
Start importing Assets/Imports/Leaf.mat using Guid(18f003aa6690cd0418453a9f7c1ff272) Importer(815301076,1909f56bfc062723c751e8b465ee728b)  -> (artifact id: '0342dca7578f57c13be4554dab518011') in 0.005248 seconds
Number of updated asset objects reloaded before import = 0
Number of asset objects unloaded after import = 1
========================================================================
Received Import Request.
  Time since last request: 49.311002 seconds.
  path: Assets/Imports/leaf.obj
  artifactKey: Guid(87d0dec1aa024e84a9cb6b422619138e) Importer(815301076,1909f56bfc062723c751e8b465ee728b)
Start importing Assets/Imports/leaf.obj using Guid(87d0dec1aa024e84a9cb6b422619138e) Importer(815301076,1909f56bfc062723c751e8b465ee728b)  -> (artifact id: 'd28c8b7343c7e6cbeebc2d5bcb750081') in 0.078867 seconds
Number of updated asset objects reloaded before import = 0
Number of asset objects unloaded after import = 10
========================================================================
Received Import Request.
  Time since last request: 45.102757 seconds.
  path: Assets/Imports/ceres-fauna-hololive-en-council
  artifactKey: Guid(cc9e270d6cdbe924e81f2bff1a8c5fe0) Importer(815301076,1909f56bfc062723c751e8b465ee728b)
Start importing Assets/Imports/ceres-fauna-hololive-en-council using Guid(cc9e270d6cdbe924e81f2bff1a8c5fe0) Importer(815301076,1909f56bfc062723c751e8b465ee728b)  -> (artifact id: 'b1852d6bc6fc22043acfd147c104afbc') in 0.000407 seconds
Number of updated asset objects reloaded before import = 0
Number of asset objects unloaded after import = 0
========================================================================
Received Import Request.
  Time since last request: 1.348452 seconds.
  path: Assets/Imports/ceres-fauna-hololive-en-council/source
  artifactKey: Guid(752f221787518fa4b88550da5af00f4f) Importer(815301076,1909f56bfc062723c751e8b465ee728b)
Start importing Assets/Imports/ceres-fauna-hololive-en-council/source using Guid(752f221787518fa4b88550da5af00f4f) Importer(815301076,1909f56bfc062723c751e8b465ee728b)  -> (artifact id: 'd828c3cd127729babb9836401d66b8da') in 0.000520 seconds
Number of updated asset objects reloaded before import = 0
Number of asset objects unloaded after import = 0
========================================================================
Received Import Request.
  Time since last request: 0.871448 seconds.
  path: Assets/Imports/ceres-fauna-hololive-en-council/source/Sketchfab_2021_12_24_05_53_54.blend
  artifactKey: Guid(b0d713ecbd2b95349b37052bf3eb9ddb) Importer(815301076,1909f56bfc062723c751e8b465ee728b)
Start importing Assets/Imports/ceres-fauna-hololive-en-council/source/Sketchfab_2021_12_24_05_53_54.blend using Guid(b0d713ecbd2b95349b37052bf3eb9ddb) Importer(815301076,1909f56bfc062723c751e8b465ee728b)  -> (artifact id: '2736b93aaa1a8c9a611959772da8ac8b') in 0.000728 seconds
Number of updated asset objects reloaded before import = 0
Number of asset objects unloaded after import = 1
========================================================================
Received Import Request.
  Time since last request: 7.258666 seconds.
  path: Assets/Imports/ceres-fauna-hololive-en-council/textures
  artifactKey: Guid(9edd144d370106a4e9031907c3089d77) Importer(815301076,1909f56bfc062723c751e8b465ee728b)
Start importing Assets/Imports/ceres-fauna-hololive-en-council/textures using Guid(9edd144d370106a4e9031907c3089d77) Importer(815301076,1909f56bfc062723c751e8b465ee728b)  -> (artifact id: 'e3371902112f1bc8cd44c2fdd1f4c5a2') in 0.000385 seconds
Number of updated asset objects reloaded before import = 0
Number of asset objects unloaded after import = 0
========================================================================
Received Import Request.
  Time since last request: 0.033327 seconds.
  path: Assets/Imports/ceres-fauna-hololive-en-council/textures/FaunaTex.png
  artifactKey: Guid(1e368837518e30c4c9826276fd4ca240) Importer(815301076,1909f56bfc062723c751e8b465ee728b)
Start importing Assets/Imports/ceres-fauna-hololive-en-council/textures/FaunaTex.png using Guid(1e368837518e30c4c9826276fd4ca240) Importer(815301076,1909f56bfc062723c751e8b465ee728b)  -> (artifact id: '97c5eded5038cf647dec651464b84cb0') in 0.005074 seconds
Number of updated asset objects reloaded before import = 0
Number of asset objects unloaded after import = 2
========================================================================
Received Import Request.
  Time since last request: 8.249428 seconds.
  path: Assets/Imports/ceres-fauna-hololive-en-council/textures/Fauna.mat
  artifactKey: Guid(9af4bdb3f470a6c4eabdd7cfc7cef5b3) Importer(815301076,1909f56bfc062723c751e8b465ee728b)
Start importing Assets/Imports/ceres-fauna-hololive-en-council/textures/Fauna.mat using Guid(9af4bdb3f470a6c4eabdd7cfc7cef5b3) Importer(815301076,1909f56bfc062723c751e8b465ee728b)  -> (artifact id: 'e6052c11fbba01b65beac15f376f2a20') in 0.004554 seconds
Number of updated asset objects reloaded before import = 0
Number of asset objects unloaded after import = 1
========================================================================
Received Import Request.
  Time since last request: 150.162117 seconds.
  path: Assets/Imports/Leaf.mat
  artifactKey: Guid(18f003aa6690cd0418453a9f7c1ff272) Importer(815301076,1909f56bfc062723c751e8b465ee728b)
Start importing Assets/Imports/Leaf.mat using Guid(18f003aa6690cd0418453a9f7c1ff272) Importer(815301076,1909f56bfc062723c751e8b465ee728b)  -> (artifact id: '9f907b3867ab8ddb822cdddafb64094c') in 0.006149 seconds
Number of updated asset objects reloaded before import = 0
Number of asset objects unloaded after import = 2
========================================================================
Received Import Request.
  Time since last request: 45.693078 seconds.
  path: Assets/Imports/Leaf.mat
  artifactKey: Guid(18f003aa6690cd0418453a9f7c1ff272) Importer(815301076,1909f56bfc062723c751e8b465ee728b)
Start importing Assets/Imports/Leaf.mat using Guid(18f003aa6690cd0418453a9f7c1ff272) Importer(815301076,1909f56bfc062723c751e8b465ee728b)  -> (artifact id: 'f6706bea612d94752b7dcd3ab2a99e36') in 0.005943 seconds
Number of updated asset objects reloaded before import = 0
Number of asset objects unloaded after import = 2
